app/build/outputs/logs/manifest-merger-debug-report.txt
-- Merging decision tree log ---
manifest
ADDED from src\main\AndroidManifest.xml:2:1-160:12
INJECTED from src\main\AndroidManifest.xml:2:1-160:12
INJECTED from src\main\AndroidManifest.xml:2:1-160:12
INJECTED from src\main\AndroidManifest.xml:2:1-160:12
MERGED from [com.android.support:support-v4:27.0.1] AndroidManifest.xml:17:1-22:12
MERGED from [com.android.support:support-media-compat:27.0.1] AndroidManifest.xml:17:1-22:12
MERGED from [com.android.support:support-fragment:27.0.1] AndroidManifest.xml:17:1-22:12
MERGED from [com.android.support:support-core-utils:27.0.1] AndroidManifest.xml:17:1-22:12
MERGED from [com.android.support:support-core-ui:27.0.1] AndroidManifest.xml:17:1-22:12
MERGED from [com.android.support:support-compat:27.0.1] AndroidManifest.xml:17:1-22:12
MERGED from [android.arch.lifecycle:runtime:1.0.0] AndroidManifest.xml:17:1-30:12
INJECTED from src\main\AndroidManifest.xml:2:1-160:12
INJECTED from src\main\AndroidManifest.xml:2:1-160:12
INJECTED from src\main\AndroidManifest.xml:2:1-160:12
	package
		ADDED from src\main\AndroidManifest.xml:3:5-38
		INJECTED from src\main\AndroidManifest.xml
		INJECTED from src\main\AndroidManifest.xml
	android:versionName
		ADDED from src\main\AndroidManifest.xml:6:5-32
		INJECTED from src\main\AndroidManifest.xml
		INJECTED from src\main\AndroidManifest.xml
	xmlns:android
		ADDED from src\main\AndroidManifest.xml:2:11-69
	android:versionCode
		ADDED from src\main\AndroidManifest.xml:5:5-28
		INJECTED from src\main\AndroidManifest.xml
		INJECTED from src\main\AndroidManifest.xml
	android:installLocation
		ADDED from src\main\AndroidManifest.xml:4:5-35
uses-sdk
ADDED from src\main\AndroidManifest.xml:8:5-10:41
INJECTED from src\main\AndroidManifest.xml:8:5-10:41
INJECTED from src\main\AndroidManifest.xml:8:5-10:41
MERGED from [com.android.support:support-v4:27.0.1] AndroidManifest.xml:20:5-44
MERGED from [com.android.support:support-v4:27.0.1] AndroidManifest.xml:20:5-44
MERGED from [com.android.support:support-media-compat:27.0.1] AndroidManifest.xml:20:5-44
MERGED from [com.android.support:support-media-compat:27.0.1] AndroidManifest.xml:20:5-44
MERGED from [com.android.support:support-fragment:27.0.1] AndroidManifest.xml:20:5-44
MERGED from [com.android.support:support-fragment:27.0.1] AndroidManifest.xml:20:5-44
MERGED from [com.android.support:support-core-utils:27.0.1] AndroidManifest.xml:20:5-44
MERGED from [com.android.support:support-core-utils:27.0.1] AndroidManifest.xml:20:5-44
MERGED from [com.android.support:support-core-ui:27.0.1] AndroidManifest.xml:20:5-44
MERGED from [com.android.support:support-core-ui:27.0.1] AndroidManifest.xml:20:5-44
MERGED from [com.android.support:support-compat:27.0.1] AndroidManifest.xml:20:5-44
MERGED from [com.android.support:support-compat:27.0.1] AndroidManifest.xml:20:5-44
MERGED from [android.arch.lifecycle:runtime:1.0.0] AndroidManifest.xml:20:5-22:41
MERGED from [android.arch.lifecycle:runtime:1.0.0] AndroidManifest.xml:20:5-22:41
INJECTED from src\main\AndroidManifest.xml:8:5-10:41
INJECTED from src\main\AndroidManifest.xml:8:5-10:41
	android:targetSdkVersion
		ADDED from src\main\AndroidManifest.xml:10:9-38
		INJECTED from src\main\AndroidManifest.xml
		INJECTED from src\main\AndroidManifest.xml
	android:minSdkVersion
		ADDED from src\main\AndroidManifest.xml:9:9-34
		INJECTED from src\main\AndroidManifest.xml
		INJECTED from src\main\AndroidManifest.xml
uses-permission#android.permission.INTERNET
ADDED from src\main\AndroidManifest.xml:12:5-67
	android:name
		ADDED from src\main\AndroidManifest.xml:12:22-64
uses-permission#android.permission.ACCESS_NETWORK_STATE
ADDED from src\main\AndroidManifest.xml:13:5-79
	android:name
		ADDED from src\main\AndroidManifest.xml:13:22-76
uses-permission#android.permission.READ_EXTERNAL_STORAGE
ADDED from src\main\AndroidManifest.xml:14:5-80
	android:name
		ADDED from src\main\AndroidManifest.xml:14:22-77
uses-permission#android.permission.WRITE_EXTERNAL_STORAGE
ADDED from src\main\AndroidManifest.xml:15:5-81
	android:name
		ADDED from src\main\AndroidManifest.xml:15:22-78
supports-screens
ADDED from src\main\AndroidManifest.xml:17:5-22:40
	android:largeScreens
		ADDED from src\main\AndroidManifest.xml:19:9-36
	android:smallScreens
		ADDED from src\main\AndroidManifest.xml:21:9-36
	android:normalScreens
		ADDED from src\main\AndroidManifest.xml:20:9-37
	android:xlargeScreens
		ADDED from src\main\AndroidManifest.xml:22:9-37
	android:anyDensity
		ADDED from src\main\AndroidManifest.xml:18:9-34
application
ADDED from src\main\AndroidManifest.xml:24:5-158:19
MERGED from [android.arch.lifecycle:runtime:1.0.0] AndroidManifest.xml:24:5-28:19
MERGED from [android.arch.lifecycle:runtime:1.0.0] AndroidManifest.xml:24:5-28:19
	android:label
		ADDED from src\main\AndroidManifest.xml:27:9-42
	android:icon
		ADDED from src\main\AndroidManifest.xml:26:9-55
	android:name
		ADDED from src\main\AndroidManifest.xml:25:9-46
activity#com.freerdp.freerdpcore.presentation.ShortcutsActivity
ADDED from src\main\AndroidManifest.xml:30:9-39:20
	android:label
		ADDED from src\main\AndroidManifest.xml:32:13-58
	android:theme
		ADDED from src\main\AndroidManifest.xml:33:13-46
	android:name
		ADDED from src\main\AndroidManifest.xml:31:13-59
intent-filter#android.intent.action.MAIN+android.intent.category.DEFAULT
ADDED from src\main\AndroidManifest.xml:34:13-38:29
action#android.intent.action.MAIN
ADDED from src\main\AndroidManifest.xml:35:17-69
	android:name
		ADDED from src\main\AndroidManifest.xml:35:25-66
category#android.intent.category.DEFAULT
ADDED from src\main\AndroidManifest.xml:37:17-76
	android:name
		ADDED from src\main\AndroidManifest.xml:37:27-73
activity-alias#com.freerdp.freerdpcore.presentation.CreateShortcuts
ADDED from src\main\AndroidManifest.xml:44:9-55:26
	android:label
		ADDED from src\main\AndroidManifest.xml:46:13-58
	android:targetActivity
		ADDED from src\main\AndroidManifest.xml:47:13-92
	android:name
		ADDED from src\main\AndroidManifest.xml:45:13-57
intent-filter#android.intent.action.CREATE_SHORTCUT+android.intent.category.DEFAULT
ADDED from src\main\AndroidManifest.xml:50:13-54:29
action#android.intent.action.CREATE_SHORTCUT
ADDED from src\main\AndroidManifest.xml:51:17-80
	android:name
		ADDED from src\main\AndroidManifest.xml:51:25-77
activity#com.freerdp.freerdpcore.presentation.BookmarkActivity
ADDED from src\main\AndroidManifest.xml:57:9-68:20
	android:label
		ADDED from src\main\AndroidManifest.xml:59:13-60
	android:theme
		ADDED from src\main\AndroidManifest.xml:60:13-50
	android:name
		ADDED from src\main\AndroidManifest.xml:58:13-58
intent-filter#android.intent.category.DEFAULT+freerdp.intent.action.BOOKMARK
ADDED from src\main\AndroidManifest.xml:61:13-67:29
action#freerdp.intent.action.BOOKMARK
ADDED from src\main\AndroidManifest.xml:62:17-73
	android:name
		ADDED from src\main\AndroidManifest.xml:62:25-70
data
ADDED from src\main\AndroidManifest.xml:66:17-54
	android:host
		ADDED from src\main\AndroidManifest.xml:110:21-37
	android:scheme
		ADDED from src\main\AndroidManifest.xml:66:23-51
	android:pathPattern
		ADDED from src\main\AndroidManifest.xml:111:21-51
	android:mimeType
		ADDED from src\main\AndroidManifest.xml:117:23-45
activity#com.freerdp.freerdpcore.presentation.ApplicationSettingsActivity
ADDED from src\main\AndroidManifest.xml:69:9-74:20
	android:label
		ADDED from src\main\AndroidManifest.xml:71:13-63
	android:windowSoftInputMode
		ADDED from src\main\AndroidManifest.xml:73:13-54
	android:theme
		ADDED from src\main\AndroidManifest.xml:72:13-50
	android:name
		ADDED from src\main\AndroidManifest.xml:70:13-69
activity#com.freerdp.freerdpcore.presentation.SessionActivity
ADDED from src\main\AndroidManifest.xml:75:9-80:20
	android:windowSoftInputMode
		ADDED from src\main\AndroidManifest.xml:79:13-55
	android:configChanges
		ADDED from src\main\AndroidManifest.xml:77:13-72
	android:theme
		ADDED from src\main\AndroidManifest.xml:78:13-66
	android:name
		ADDED from src\main\AndroidManifest.xml:76:13-57
activity#com.freerdp.freerdpcore.presentation.AboutActivity
ADDED from src\main\AndroidManifest.xml:81:9-85:20
	android:label
		ADDED from src\main\AndroidManifest.xml:83:13-48
	android:theme
		ADDED from src\main\AndroidManifest.xml:84:13-46
	android:name
		ADDED from src\main\AndroidManifest.xml:82:13-55
activity#com.freerdp.freerdpcore.presentation.HelpActivity
ADDED from src\main\AndroidManifest.xml:86:9-90:20
	android:label
		ADDED from src\main\AndroidManifest.xml:88:13-47
	android:theme
		ADDED from src\main\AndroidManifest.xml:89:13-46
	android:name
		ADDED from src\main\AndroidManifest.xml:87:13-54
activity#com.freerdp.freerdpcore.presentation.HomeActivity
ADDED from src\main\AndroidManifest.xml:93:9-119:20
	android:label
		ADDED from src\main\AndroidManifest.xml:96:13-46
	android:alwaysRetainTaskState
		ADDED from src\main\AndroidManifest.xml:95:13-49
	android:theme
		ADDED from src\main\AndroidManifest.xml:97:13-46
	android:name
		ADDED from src\main\AndroidManifest.xml:94:13-54
intent-filter#android.intent.action.MAIN+android.intent.category.LAUNCHER
ADDED from src\main\AndroidManifest.xml:98:13-102:29
	android:label
		ADDED from src\main\AndroidManifest.xml:98:28-61
category#android.intent.category.LAUNCHER
ADDED from src\main\AndroidManifest.xml:101:17-77
	android:name
		ADDED from src\main\AndroidManifest.xml:101:27-74
intent-filter#android.intent.action.VIEW+android.intent.category.BROWSABLE+android.intent.category.DEFAULT
ADDED from src\main\AndroidManifest.xml:103:13-118:29
action#android.intent.action.VIEW
ADDED from src\main\AndroidManifest.xml:104:17-69
	android:name
		ADDED from src\main\AndroidManifest.xml:104:25-66
category#android.intent.category.BROWSABLE
ADDED from src\main\AndroidManifest.xml:107:17-78
	android:name
		ADDED from src\main\AndroidManifest.xml:107:27-75
activity#com.freerdp.freerdpcore.services.SessionRequestHandlerActivity
ADDED from src\main\AndroidManifest.xml:124:9-132:20
	android:excludeFromRecents
		ADDED from src\main\AndroidManifest.xml:126:13-46
	android:noHistory
		ADDED from src\main\AndroidManifest.xml:127:13-37
	android:theme
		ADDED from src\main\AndroidManifest.xml:128:13-59
	android:name
		ADDED from src\main\AndroidManifest.xml:125:13-67
intent-filter#android.intent.action.MAIN
ADDED from src\main\AndroidManifest.xml:129:13-131:29
activity-alias#com.freerdp.freerdpcore.services.SessionRequestHandlerActivity
ADDED from src\main\AndroidManifest.xml:134:9-144:26
	android:targetActivity
		ADDED from src\main\AndroidManifest.xml:136:13-77
	android:name
		ADDED from src\main\AndroidManifest.xml:135:13-67
intent-filter#android.intent.action.SEARCH
ADDED from src\main\AndroidManifest.xml:137:13-139:29
action#android.intent.action.SEARCH
ADDED from src\main\AndroidManifest.xml:138:17-71
	android:name
		ADDED from src\main\AndroidManifest.xml:138:25-68
meta-data#android.app.searchable
ADDED from src\main\AndroidManifest.xml:141:13-143:54
	android:resource
		ADDED from src\main\AndroidManifest.xml:143:17-51
	android:name
		ADDED from src\main\AndroidManifest.xml:142:17-54
receiver#com.freerdp.freerdpcore.application.NetworkStateReceiver
ADDED from src\main\AndroidManifest.xml:146:9-152:20
	android:enabled
		ADDED from src\main\AndroidManifest.xml:148:13-35
	android:name
		ADDED from src\main\AndroidManifest.xml:147:13-61
intent-filter#android.net.conn.CONNECTIVITY_CHANGE
ADDED from src\main\AndroidManifest.xml:149:13-151:29
action#android.net.conn.CONNECTIVITY_CHANGE
ADDED from src\main\AndroidManifest.xml:150:17-79
	android:name
		ADDED from src\main\AndroidManifest.xml:150:25-76
provider#com.freerdp.freerdpcore.services.FreeRDPSuggestionProvider
ADDED from src\main\AndroidManifest.xml:154:9-157:20
	android:authorities
		ADDED from src\main\AndroidManifest.xml:156:13-93
	android:name
		ADDED from src\main\AndroidManifest.xml:155:13-63
meta-data#android.arch.lifecycle.VERSION
ADDED from [android.arch.lifecycle:runtime:1.0.0] AndroidManifest.xml:25:9-27:47
	android:value
		ADDED from [android.arch.lifecycle:runtime:1.0.0] AndroidManifest.xml:27:13-44
	android:name
		ADDED from [android.arch.lifecycle:runtime:1.0.0] AndroidManifest.xml:26:13-58